<?xml version="1.0" encoding="UTF-8"?>
<!-- Generated by org.testng.reporters.JUnitXMLReporter -->
<testsuite hostname="Sanjeet3149591" ignored="0" name="Order Flow Test for future payload json" tests="11" failures="1" timestamp="16 Dec 2018 09:15:17 GMT" time="6.509" errors="0">
  <testcase name="placeNewOrderInPresent" time="0.278" classname="com.nagarro.TestCases.TestcasesForOrderPlacedInFuture"/>
  <testcase name="cancelOrder" time="0.187" classname="com.nagarro.TestCases.TestcasesForOrderPlacedInFuture"/>
  <testcase name="fetchTheOrderDetails" time="0.527" classname="com.nagarro.TestCases.TestcasesForOrderPlacedInFuture"/>
  <testcase name="takeTheOrderDetails" time="0.177" classname="com.nagarro.TestCases.TestcasesForOrderPlacedInFuture"/>
  <testcase name="CompleteTheOrderDetails" time="0.17" classname="com.nagarro.TestCases.TestcasesForOrderPlacedInFuture"/>
  <testcase name="CompleteTheNewOrder" time="0.691" classname="com.nagarro.TestCases.TestcasesForOrderPlacedInFuture"/>
  <testcase name="CompleteTheOrderAfterCompleted" time="1.099" classname="com.nagarro.TestCases.TestcasesForOrderPlacedInFuture"/>
  <testcase name="cancelTheOrderAfterCompleted" time="1.212" classname="com.nagarro.TestCases.TestcasesForOrderPlacedInFuture"/>
  <testcase name="cancelTheOrderAfterCancel" time="1.006" classname="com.nagarro.TestCases.TestcasesForOrderPlacedInFuture">
    <failure type="java.lang.AssertionError" message="Status code is not 422 expected [422] but found [200]">
      <![CDATA[java.lang.AssertionError: Status code is not 422 expected [422] but found [200]
at com.nagarro.TestCases.TestcasesForOrderPlacedInFuture.cancelTheOrderAfterCancel(TestcasesForOrderPlacedInFuture.java:260)
... Removed 30 stack frames]]>
    </failure>
  </testcase> <!-- cancelTheOrderAfterCancel -->
  <testcase name="CompleteTheOrderAfterCancel" time="0.979" classname="com.nagarro.TestCases.TestcasesForOrderPlacedInFuture"/>
  <testcase name="fetchTheOrderDetailsNotCreated" time="0.151" classname="com.nagarro.TestCases.TestcasesForOrderPlacedInFuture"/>
</testsuite> <!-- Order Flow Test for future payload json -->
