<?xml version="1.0" encoding="UTF-8"?>
<!-- Generated by org.testng.reporters.JUnitXMLReporter -->
<testsuite hostname="Sanjeet3149591" ignored="2" name="Order Flow Test for present payload json" tests="11" failures="1" timestamp="17 Dec 2018 04:33:13 GMT" time="12.508" errors="0">
  <testcase name="placeNewOrderInPresent" time="5.847" classname="com.nagarro.TestCases.TestcasesForOrderPlacedInPresentNFuture"/>
  <testcase name="cancelOrder" time="0.211" classname="com.nagarro.TestCases.TestcasesForOrderPlacedInPresentNFuture"/>
  <testcase name="fetchTheOrderDetails" time="0.938" classname="com.nagarro.TestCases.TestcasesForOrderPlacedInPresentNFuture"/>
  <testcase name="takeTheOrderDetails" time="0.198" classname="com.nagarro.TestCases.TestcasesForOrderPlacedInPresentNFuture"/>
  <testcase name="CompleteTheOrderDetails" time="0.181" classname="com.nagarro.TestCases.TestcasesForOrderPlacedInPresentNFuture"/>
  <testcase name="CompleteTheNewOrder" time="0.614" classname="com.nagarro.TestCases.TestcasesForOrderPlacedInPresentNFuture"/>
  <testcase name="CompleteTheOrderAfterCompleted" time="0.989" classname="com.nagarro.TestCases.TestcasesForOrderPlacedInPresentNFuture"/>
  <testcase name="cancelTheOrderAfterCompleted" time="1.018" classname="com.nagarro.TestCases.TestcasesForOrderPlacedInPresentNFuture"/>
  <testcase name="cancelTheOrderAfterCancel" time="1.011" classname="com.nagarro.TestCases.TestcasesForOrderPlacedInPresentNFuture">
    <failure type="java.lang.AssertionError" message="Status code is not 422 expected [422] but found [200]">
      <![CDATA[java.lang.AssertionError: Status code is not 422 expected [422] but found [200]
at com.nagarro.TestCases.TestcasesForOrderPlacedInPresentNFuture.CommonUtilityForResponseCode422(TestcasesForOrderPlacedInPresentNFuture.java:246)
at com.nagarro.TestCases.TestcasesForOrderPlacedInPresentNFuture.cancelTheOrderAfterCancel(TestcasesForOrderPlacedInPresentNFuture.java:313)
... Removed 30 stack frames]]>
    </failure>
  </testcase> <!-- cancelTheOrderAfterCancel -->
  <testcase name="CompleteTheOrderAfterCancel" time="0.881" classname="com.nagarro.TestCases.TestcasesForOrderPlacedInPresentNFuture"/>
  <testcase name="fetchTheOrderDetailsNotCreated" time="0.078" classname="com.nagarro.TestCases.TestcasesForOrderPlacedInPresentNFuture"/>
  <testcase name="placeNewOrderInPastorWrongJson" time="0.0" classname="com.nagarro.TestCases.PlaceOrderInPastorWrongJson">
    <ignored/>
  </testcase> <!-- placeNewOrderInPastorWrongJson -->
  <testcase name="placeNewOrderWithAllSameStop" time="0.0" classname="com.nagarro.TestCases.PlaceOrderWithAllSameStop">
    <ignored/>
  </testcase> <!-- placeNewOrderWithAllSameStop -->
</testsuite> <!-- Order Flow Test for present payload json -->
