<?xml version="1.0" encoding="UTF-8"?>
<!-- Generated by org.testng.reporters.JUnitXMLReporter -->
<testsuite hostname="Sanjeet3149591" ignored="0" name="place order at more than 3 stops in present and future" tests="11" failures="1" timestamp="17 Dec 2018 16:26:32 GMT" time="14.854" errors="0">
  <testcase name="placeNewOrderInPresent" time="0.508" classname="com.nagarro.testCases.TestcasesForMoreThan3StopsInPresentFutureTest"/>
  <testcase name="cancelOrder" time="0.42" classname="com.nagarro.testCases.TestcasesForMoreThan3StopsInPresentFutureTest"/>
  <testcase name="fetchTheOrderDetails" time="0.896" classname="com.nagarro.testCases.TestcasesForMoreThan3StopsInPresentFutureTest"/>
  <testcase name="takeTheOrderDetails" time="0.285" classname="com.nagarro.testCases.TestcasesForMoreThan3StopsInPresentFutureTest"/>
  <testcase name="CompleteTheOrderDetails" time="0.387" classname="com.nagarro.testCases.TestcasesForMoreThan3StopsInPresentFutureTest"/>
  <testcase name="CompleteTheNewOrder" time="2.344" classname="com.nagarro.testCases.TestcasesForMoreThan3StopsInPresentFutureTest"/>
  <testcase name="CompleteTheOrderAfterCompleted" time="1.94" classname="com.nagarro.testCases.TestcasesForMoreThan3StopsInPresentFutureTest"/>
  <testcase name="cancelTheOrderAfterCompleted" time="4.301" classname="com.nagarro.testCases.TestcasesForMoreThan3StopsInPresentFutureTest"/>
  <testcase name="cancelTheOrderAfterCancel" time="1.791" classname="com.nagarro.testCases.TestcasesForMoreThan3StopsInPresentFutureTest">
    <failure type="java.lang.AssertionError" message="Status code is not 422 expected [422] but found [200]">
      <![CDATA[java.lang.AssertionError: Status code is not 422 expected [422] but found [200]
at com.nagarro.testCases.TestcasesForMoreThan3StopsInPresentFutureTest.CommonUtilityForResponseCode422(TestcasesForMoreThan3StopsInPresentFutureTest.java:250)
at com.nagarro.testCases.TestcasesForMoreThan3StopsInPresentFutureTest.cancelTheOrderAfterCancel(TestcasesForMoreThan3StopsInPresentFutureTest.java:317)
... Removed 30 stack frames]]>
    </failure>
  </testcase> <!-- cancelTheOrderAfterCancel -->
  <testcase name="CompleteTheOrderAfterCancel" time="1.679" classname="com.nagarro.testCases.TestcasesForMoreThan3StopsInPresentFutureTest"/>
  <testcase name="fetchTheOrderDetailsNotCreated" time="0.205" classname="com.nagarro.testCases.TestcasesForMoreThan3StopsInPresentFutureTest"/>
</testsuite> <!-- place order at more than 3 stops in present and future -->
