<?xml version="1.0" encoding="UTF-8"?>
<!-- Generated by org.testng.reporters.JUnitXMLReporter -->
<testsuite hostname="Sanjeet3149591" ignored="0" name="place order at more than 3 stops in present and future" tests="16" failures="1" timestamp="18 Dec 2018 12:39:44 GMT" time="8.589" errors="0">
  <testcase name="testcase_Verify_PlaceNewOrder" time="0.214" classname="com.nagarro.testCases.TestcasesForMoreThan3StopsInPresentFuture"/>
  <testcase name="testcases_Verify__CancelOrder" time="0.423" classname="com.nagarro.testCases.TestcasesForMoreThan3StopsInPresentFuture"/>
  <testcase name="testcases_Verify__FetchTheOrderDetails" time="0.34" classname="com.nagarro.testCases.TestcasesForMoreThan3StopsInPresentFuture"/>
  <testcase name="testcases_Verify__TakeTheOrderDetails" time="0.106" classname="com.nagarro.testCases.TestcasesForMoreThan3StopsInPresentFuture"/>
  <testcase name="testcases_Verify__CompleteTheOrderDetails" time="0.098" classname="com.nagarro.testCases.TestcasesForMoreThan3StopsInPresentFuture"/>
  <testcase name="testcases_Verify__TakeTheOngoingOrder" time="0.538" classname="com.nagarro.testCases.TestcasesForMoreThan3StopsInPresentFuture"/>
  <testcase name="testcases_Verify__TakeTheCompletedOrder" time="0.712" classname="com.nagarro.testCases.TestcasesForMoreThan3StopsInPresentFuture"/>
  <testcase name="testcases_Verify__TakeTheCancelledOrder" time="0.868" classname="com.nagarro.testCases.TestcasesForMoreThan3StopsInPresentFuture"/>
  <testcase name="testcases_Verify__CompleteTheNewOrder" time="0.411" classname="com.nagarro.testCases.TestcasesForMoreThan3StopsInPresentFuture"/>
  <testcase name="testcases_Verify__CompleteTheOrderAfterCompleted" time="0.701" classname="com.nagarro.testCases.TestcasesForMoreThan3StopsInPresentFuture"/>
  <testcase name="testcases_Verify__CancelTheOrderAfterCompleted" time="0.618" classname="com.nagarro.testCases.TestcasesForMoreThan3StopsInPresentFuture"/>
  <testcase name="testcases_Verify__TakeTheOrderAfterCompleted" time="1.083" classname="com.nagarro.testCases.TestcasesForMoreThan3StopsInPresentFuture"/>
  <testcase name="testcases_Verify__CancelTheOrderAfterCancel" time="0.831" classname="com.nagarro.testCases.TestcasesForMoreThan3StopsInPresentFuture">
    <failure type="java.lang.AssertionError" message="Status code is not 422 expected [422] but found [200]">
      <![CDATA[java.lang.AssertionError: Status code is not 422 expected [422] but found [200]
at com.nagarro.util.CommonUtility.Verify_ResponseCode422(CommonUtility.java:210)
at com.nagarro.testCases.TestcasesForMoreThan3StopsInPresentFuture.testcases_Verify__CancelTheOrderAfterCancel(TestcasesForMoreThan3StopsInPresentFuture.java:326)
... Removed 30 stack frames]]>
    </failure>
  </testcase> <!-- testcases_Verify__CancelTheOrderAfterCancel -->
  <testcase name="testcases_Verify__CompleteTheOrderAfterCancel" time="0.745" classname="com.nagarro.testCases.TestcasesForMoreThan3StopsInPresentFuture"/>
  <testcase name="testcases_Verify__TakeTheOrderAfterCancelled" time="0.734" classname="com.nagarro.testCases.TestcasesForMoreThan3StopsInPresentFuture"/>
  <testcase name="testcases_Verify__FetchTheOrderDetailsNotCreated" time="0.106" classname="com.nagarro.testCases.TestcasesForMoreThan3StopsInPresentFuture"/>
</testsuite> <!-- place order at more than 3 stops in present and future -->
