<?xml version="1.0" encoding="UTF-8"?>
<!-- Generated by org.testng.reporters.JUnitXMLReporter -->
<testsuite hostname="Sanjeet3149591" ignored="0" name="place order at 3 stops in present and future" tests="11" failures="1" timestamp="17 Dec 2018 16:26:17 GMT" time="17.396" errors="0">
  <testcase name="placeNewOrderInPresent" time="4.566" classname="com.nagarro.testCases.TestcasesForOrderPlacedInPresentNFutureTest"/>
  <testcase name="cancelOrder" time="0.371" classname="com.nagarro.testCases.TestcasesForOrderPlacedInPresentNFutureTest"/>
  <testcase name="fetchTheOrderDetails" time="1.352" classname="com.nagarro.testCases.TestcasesForOrderPlacedInPresentNFutureTest"/>
  <testcase name="takeTheOrderDetails" time="0.334" classname="com.nagarro.testCases.TestcasesForOrderPlacedInPresentNFutureTest"/>
  <testcase name="CompleteTheOrderDetails" time="0.534" classname="com.nagarro.testCases.TestcasesForOrderPlacedInPresentNFutureTest"/>
  <testcase name="CompleteTheNewOrder" time="1.263" classname="com.nagarro.testCases.TestcasesForOrderPlacedInPresentNFutureTest"/>
  <testcase name="CompleteTheOrderAfterCompleted" time="2.169" classname="com.nagarro.testCases.TestcasesForOrderPlacedInPresentNFutureTest"/>
  <testcase name="cancelTheOrderAfterCompleted" time="1.955" classname="com.nagarro.testCases.TestcasesForOrderPlacedInPresentNFutureTest"/>
  <testcase name="cancelTheOrderAfterCancel" time="1.906" classname="com.nagarro.testCases.TestcasesForOrderPlacedInPresentNFutureTest">
    <failure type="java.lang.AssertionError" message="Status code is not 422 expected [422] but found [200]">
      <![CDATA[java.lang.AssertionError: Status code is not 422 expected [422] but found [200]
at com.nagarro.testCases.TestcasesForOrderPlacedInPresentNFutureTest.CommonUtilityForResponseCode422(TestcasesForOrderPlacedInPresentNFutureTest.java:249)
at com.nagarro.testCases.TestcasesForOrderPlacedInPresentNFutureTest.cancelTheOrderAfterCancel(TestcasesForOrderPlacedInPresentNFutureTest.java:316)
... Removed 30 stack frames]]>
    </failure>
  </testcase> <!-- cancelTheOrderAfterCancel -->
  <testcase name="CompleteTheOrderAfterCancel" time="2.207" classname="com.nagarro.testCases.TestcasesForOrderPlacedInPresentNFutureTest"/>
  <testcase name="fetchTheOrderDetailsNotCreated" time="0.27" classname="com.nagarro.testCases.TestcasesForOrderPlacedInPresentNFutureTest"/>
</testsuite> <!-- place order at 3 stops in present and future -->
