<?xml version="1.0" encoding="UTF-8"?>
<!-- Generated by org.testng.reporters.JUnitXMLReporter -->
<testsuite hostname="Sanjeet3149591" ignored="0" name="place order at 3 stops in present and future" tests="16" failures="1" timestamp="18 Dec 2018 12:39:35 GMT" time="17.783" errors="0">
  <testcase name="testcase_Verify_PlaceNewOrder" time="4.884" classname="com.nagarro.testCases.TestcasesForOrderPlacedInPresentNFuture"/>
  <testcase name="testcases_Verify__CancelOrder" time="0.426" classname="com.nagarro.testCases.TestcasesForOrderPlacedInPresentNFuture"/>
  <testcase name="testcases_Verify__FetchTheOrderDetails" time="0.585" classname="com.nagarro.testCases.TestcasesForOrderPlacedInPresentNFuture"/>
  <testcase name="testcases_Verify__TakeTheOrderDetails" time="0.115" classname="com.nagarro.testCases.TestcasesForOrderPlacedInPresentNFuture"/>
  <testcase name="testcases_Verify__CompleteTheOrderDetails" time="0.108" classname="com.nagarro.testCases.TestcasesForOrderPlacedInPresentNFuture"/>
  <testcase name="testcases_Verify__TakeTheOngoingOrder" time="0.57" classname="com.nagarro.testCases.TestcasesForOrderPlacedInPresentNFuture"/>
  <testcase name="testcases_Verify__TakeTheCompletedOrder" time="0.848" classname="com.nagarro.testCases.TestcasesForOrderPlacedInPresentNFuture"/>
  <testcase name="testcases_Verify__TakeTheCancelledOrder" time="1.189" classname="com.nagarro.testCases.TestcasesForOrderPlacedInPresentNFuture"/>
  <testcase name="testcases_Verify__CompleteTheNewOrder" time="0.494" classname="com.nagarro.testCases.TestcasesForOrderPlacedInPresentNFuture"/>
  <testcase name="testcases_Verify__CompleteTheOrderAfterCompleted" time="3.816" classname="com.nagarro.testCases.TestcasesForOrderPlacedInPresentNFuture"/>
  <testcase name="testcases_Verify__CancelTheOrderAfterCompleted" time="0.768" classname="com.nagarro.testCases.TestcasesForOrderPlacedInPresentNFuture"/>
  <testcase name="testcases_Verify__TakeTheOrderAfterCompleted" time="0.736" classname="com.nagarro.testCases.TestcasesForOrderPlacedInPresentNFuture"/>
  <testcase name="testcases_Verify__CancelTheOrderAfterCancel" time="1.086" classname="com.nagarro.testCases.TestcasesForOrderPlacedInPresentNFuture">
    <failure type="java.lang.AssertionError" message="Status code is not 422 expected [422] but found [200]">
      <![CDATA[java.lang.AssertionError: Status code is not 422 expected [422] but found [200]
at com.nagarro.util.CommonUtility.Verify_ResponseCode422(CommonUtility.java:210)
at com.nagarro.testCases.TestcasesForOrderPlacedInPresentNFuture.testcases_Verify__CancelTheOrderAfterCancel(TestcasesForOrderPlacedInPresentNFuture.java:323)
... Removed 30 stack frames]]>
    </failure>
  </testcase> <!-- testcases_Verify__CancelTheOrderAfterCancel -->
  <testcase name="testcases_Verify__CompleteTheOrderAfterCancel" time="0.893" classname="com.nagarro.testCases.TestcasesForOrderPlacedInPresentNFuture"/>
  <testcase name="testcases_Verify__TakeTheOrderAfterCancelled" time="0.997" classname="com.nagarro.testCases.TestcasesForOrderPlacedInPresentNFuture"/>
  <testcase name="testcases_Verify__FetchTheOrderDetailsNotCreated" time="0.084" classname="com.nagarro.testCases.TestcasesForOrderPlacedInPresentNFuture"/>
</testsuite> <!-- place order at 3 stops in present and future -->
