<?xml version="1.0" encoding="UTF-8"?>
<testng-results skipped="0" failed="1" ignored="0" total="13" passed="12">
  <reporter-output>
  </reporter-output>
  <suite name="Default suite" duration-ms="11253" started-at="2018-12-18T06:05:20Z" finished-at="2018-12-18T06:05:31Z">
    <groups>
      <group name="Cancel the Order after Completed">
        <method signature="TestcasesForOrderPlacedInPresentNFuture.cancelTheOrderAfterCompleted()[pri:10, instance:com.nagarro.testCases.TestcasesForOrderPlacedInPresentNFuture@71318ec4]" name="cancelTheOrderAfterCompleted" class="com.nagarro.testCases.TestcasesForOrderPlacedInPresentNFuture"/>
      </group> <!-- Cancel the Order after Completed -->
      <group name="Cancel the order after cancelled">
        <method signature="TestcasesForOrderPlacedInPresentNFuture.cancelTheOrderAfterCancel()[pri:11, instance:com.nagarro.testCases.TestcasesForOrderPlacedInPresentNFuture@71318ec4]" name="cancelTheOrderAfterCancel" class="com.nagarro.testCases.TestcasesForOrderPlacedInPresentNFuture"/>
      </group> <!-- Cancel the order after cancelled -->
      <group name="complete the new Order">
        <method signature="TestcasesForOrderPlacedInPresentNFuture.CompleteTheOrderDetails()[pri:5, instance:com.nagarro.testCases.TestcasesForOrderPlacedInPresentNFuture@71318ec4]" name="CompleteTheOrderDetails" class="com.nagarro.testCases.TestcasesForOrderPlacedInPresentNFuture"/>
        <method signature="TestcasesForOrderPlacedInPresentNFuture.fetchTheOrderDetails()[pri:3, instance:com.nagarro.testCases.TestcasesForOrderPlacedInPresentNFuture@71318ec4]" name="fetchTheOrderDetails" class="com.nagarro.testCases.TestcasesForOrderPlacedInPresentNFuture"/>
        <method signature="TestcasesForOrderPlacedInPresentNFuture.takeTheOrderDetails()[pri:4, instance:com.nagarro.testCases.TestcasesForOrderPlacedInPresentNFuture@71318ec4]" name="takeTheOrderDetails" class="com.nagarro.testCases.TestcasesForOrderPlacedInPresentNFuture"/>
      </group> <!-- complete the new Order -->
      <group name="Cancel the new Order">
        <method signature="TestcasesForOrderPlacedInPresentNFuture.placeNewOrderInPresent()[pri:1, instance:com.nagarro.testCases.TestcasesForOrderPlacedInPresentNFuture@71318ec4]" name="placeNewOrderInPresent" class="com.nagarro.testCases.TestcasesForOrderPlacedInPresentNFuture"/>
        <method signature="TestcasesForOrderPlacedInPresentNFuture.cancelOrder()[pri:2, instance:com.nagarro.testCases.TestcasesForOrderPlacedInPresentNFuture@71318ec4]" name="cancelOrder" class="com.nagarro.testCases.TestcasesForOrderPlacedInPresentNFuture"/>
      </group> <!-- Cancel the new Order -->
      <group name="Complete the order after Completed">
        <method signature="TestcasesForOrderPlacedInPresentNFuture.CompleteTheOrderAfterCompleted()[pri:9, instance:com.nagarro.testCases.TestcasesForOrderPlacedInPresentNFuture@71318ec4]" name="CompleteTheOrderAfterCompleted" class="com.nagarro.testCases.TestcasesForOrderPlacedInPresentNFuture"/>
      </group> <!-- Complete the order after Completed -->
      <group name="Complete the Order after Cancelled">
        <method signature="TestcasesForOrderPlacedInPresentNFuture.CompleteTheOrderAfterCancel()[pri:12, instance:com.nagarro.testCases.TestcasesForOrderPlacedInPresentNFuture@71318ec4]" name="CompleteTheOrderAfterCancel" class="com.nagarro.testCases.TestcasesForOrderPlacedInPresentNFuture"/>
      </group> <!-- Complete the Order after Cancelled -->
      <group name="complete the Order just after creation">
        <method signature="TestcasesForOrderPlacedInPresentNFuture.CompleteTheNewOrder()[pri:8, instance:com.nagarro.testCases.TestcasesForOrderPlacedInPresentNFuture@71318ec4]" name="CompleteTheNewOrder" class="com.nagarro.testCases.TestcasesForOrderPlacedInPresentNFuture"/>
      </group> <!-- complete the Order just after creation -->
      <group name="place order with wrong body">
        <method signature="TestcasesForOrderPlacedInPresentNFuture.fetchTheOrderDetailsNotCreated()[pri:13, instance:com.nagarro.testCases.TestcasesForOrderPlacedInPresentNFuture@71318ec4]" name="fetchTheOrderDetailsNotCreated" class="com.nagarro.testCases.TestcasesForOrderPlacedInPresentNFuture"/>
      </group> <!-- place order with wrong body -->
    </groups>
    <test name="Default test" duration-ms="11253" started-at="2018-12-18T06:05:20Z" finished-at="2018-12-18T06:05:31Z">
      <class name="com.nagarro.testCases.TestcasesForOrderPlacedInPresentNFuture">
        <test-method status="PASS" signature="setUp()[pri:0, instance:com.nagarro.testCases.TestcasesForOrderPlacedInPresentNFuture@71318ec4]" name="setUp" is-config="true" duration-ms="358" started-at="2018-12-18T06:05:20Z" finished-at="2018-12-18T06:05:20Z">
          <reporter-output>
          </reporter-output>
        </test-method> <!-- setUp -->
        <test-method status="PASS" signature="placeNewOrderInPresent()[pri:1, instance:com.nagarro.testCases.TestcasesForOrderPlacedInPresentNFuture@71318ec4]" name="placeNewOrderInPresent" duration-ms="3394" started-at="2018-12-18T06:05:20Z" finished-at="2018-12-18T06:05:24Z">
          <reporter-output>
          </reporter-output>
        </test-method> <!-- placeNewOrderInPresent -->
        <test-method status="PASS" signature="setUp()[pri:0, instance:com.nagarro.testCases.TestcasesForOrderPlacedInPresentNFuture@71318ec4]" name="setUp" is-config="true" duration-ms="0" started-at="2018-12-18T06:05:24Z" finished-at="2018-12-18T06:05:24Z">
          <reporter-output>
          </reporter-output>
        </test-method> <!-- setUp -->
        <test-method status="PASS" signature="cancelOrder()[pri:2, instance:com.nagarro.testCases.TestcasesForOrderPlacedInPresentNFuture@71318ec4]" name="cancelOrder" duration-ms="125" started-at="2018-12-18T06:05:24Z" depends-on-methods="com.nagarro.testCases.TestcasesForOrderPlacedInPresentNFuture.placeNewOrderInPresent" finished-at="2018-12-18T06:05:24Z">
          <reporter-output>
          </reporter-output>
        </test-method> <!-- cancelOrder -->
        <test-method status="PASS" signature="fetchTheOrderDetails()[pri:3, instance:com.nagarro.testCases.TestcasesForOrderPlacedInPresentNFuture@71318ec4]" name="fetchTheOrderDetails" duration-ms="809" started-at="2018-12-18T06:05:24Z" finished-at="2018-12-18T06:05:25Z">
          <reporter-output>
          </reporter-output>
        </test-method> <!-- fetchTheOrderDetails -->
        <test-method status="PASS" signature="setUp()[pri:0, instance:com.nagarro.testCases.TestcasesForOrderPlacedInPresentNFuture@71318ec4]" name="setUp" is-config="true" duration-ms="0" started-at="2018-12-18T06:05:24Z" finished-at="2018-12-18T06:05:24Z">
          <reporter-output>
          </reporter-output>
        </test-method> <!-- setUp -->
        <test-method status="PASS" signature="setUp()[pri:0, instance:com.nagarro.testCases.TestcasesForOrderPlacedInPresentNFuture@71318ec4]" name="setUp" is-config="true" duration-ms="2" started-at="2018-12-18T06:05:25Z" finished-at="2018-12-18T06:05:25Z">
          <reporter-output>
          </reporter-output>
        </test-method> <!-- setUp -->
        <test-method status="PASS" signature="takeTheOrderDetails()[pri:4, instance:com.nagarro.testCases.TestcasesForOrderPlacedInPresentNFuture@71318ec4]" name="takeTheOrderDetails" duration-ms="166" started-at="2018-12-18T06:05:25Z" finished-at="2018-12-18T06:05:25Z">
          <reporter-output>
          </reporter-output>
        </test-method> <!-- takeTheOrderDetails -->
        <test-method status="PASS" signature="CompleteTheOrderDetails()[pri:5, instance:com.nagarro.testCases.TestcasesForOrderPlacedInPresentNFuture@71318ec4]" name="CompleteTheOrderDetails" duration-ms="159" started-at="2018-12-18T06:05:25Z" finished-at="2018-12-18T06:05:25Z">
          <reporter-output>
          </reporter-output>
        </test-method> <!-- CompleteTheOrderDetails -->
        <test-method status="PASS" signature="setUp()[pri:0, instance:com.nagarro.testCases.TestcasesForOrderPlacedInPresentNFuture@71318ec4]" name="setUp" is-config="true" duration-ms="0" started-at="2018-12-18T06:05:25Z" finished-at="2018-12-18T06:05:25Z">
          <reporter-output>
          </reporter-output>
        </test-method> <!-- setUp -->
        <test-method status="PASS" signature="takeTheCompletedOrder()[pri:6, instance:com.nagarro.testCases.TestcasesForOrderPlacedInPresentNFuture@71318ec4]" name="takeTheCompletedOrder" duration-ms="980" started-at="2018-12-18T06:05:25Z" finished-at="2018-12-18T06:05:26Z">
          <reporter-output>
          </reporter-output>
        </test-method> <!-- takeTheCompletedOrder -->
        <test-method status="PASS" signature="setUp()[pri:0, instance:com.nagarro.testCases.TestcasesForOrderPlacedInPresentNFuture@71318ec4]" name="setUp" is-config="true" duration-ms="0" started-at="2018-12-18T06:05:25Z" finished-at="2018-12-18T06:05:25Z">
          <reporter-output>
          </reporter-output>
        </test-method> <!-- setUp -->
        <test-method status="PASS" signature="setUp()[pri:0, instance:com.nagarro.testCases.TestcasesForOrderPlacedInPresentNFuture@71318ec4]" name="setUp" is-config="true" duration-ms="0" started-at="2018-12-18T06:05:26Z" finished-at="2018-12-18T06:05:26Z">
          <reporter-output>
          </reporter-output>
        </test-method> <!-- setUp -->
        <test-method status="PASS" signature="takeTheCancelledOrder()[pri:7, instance:com.nagarro.testCases.TestcasesForOrderPlacedInPresentNFuture@71318ec4]" name="takeTheCancelledOrder" duration-ms="843" started-at="2018-12-18T06:05:26Z" finished-at="2018-12-18T06:05:27Z">
          <reporter-output>
          </reporter-output>
        </test-method> <!-- takeTheCancelledOrder -->
        <test-method status="PASS" signature="setUp()[pri:0, instance:com.nagarro.testCases.TestcasesForOrderPlacedInPresentNFuture@71318ec4]" name="setUp" is-config="true" duration-ms="0" started-at="2018-12-18T06:05:27Z" finished-at="2018-12-18T06:05:27Z">
          <reporter-output>
          </reporter-output>
        </test-method> <!-- setUp -->
        <test-method status="PASS" signature="CompleteTheNewOrder()[pri:8, instance:com.nagarro.testCases.TestcasesForOrderPlacedInPresentNFuture@71318ec4]" name="CompleteTheNewOrder" duration-ms="624" started-at="2018-12-18T06:05:27Z" finished-at="2018-12-18T06:05:28Z">
          <reporter-output>
          </reporter-output>
        </test-method> <!-- CompleteTheNewOrder -->
        <test-method status="PASS" signature="setUp()[pri:0, instance:com.nagarro.testCases.TestcasesForOrderPlacedInPresentNFuture@71318ec4]" name="setUp" is-config="true" duration-ms="0" started-at="2018-12-18T06:05:28Z" finished-at="2018-12-18T06:05:28Z">
          <reporter-output>
          </reporter-output>
        </test-method> <!-- setUp -->
        <test-method status="PASS" signature="CompleteTheOrderAfterCompleted()[pri:9, instance:com.nagarro.testCases.TestcasesForOrderPlacedInPresentNFuture@71318ec4]" name="CompleteTheOrderAfterCompleted" duration-ms="1078" started-at="2018-12-18T06:05:28Z" finished-at="2018-12-18T06:05:29Z">
          <reporter-output>
          </reporter-output>
        </test-method> <!-- CompleteTheOrderAfterCompleted -->
        <test-method status="PASS" signature="setUp()[pri:0, instance:com.nagarro.testCases.TestcasesForOrderPlacedInPresentNFuture@71318ec4]" name="setUp" is-config="true" duration-ms="0" started-at="2018-12-18T06:05:29Z" finished-at="2018-12-18T06:05:29Z">
          <reporter-output>
          </reporter-output>
        </test-method> <!-- setUp -->
        <test-method status="PASS" signature="cancelTheOrderAfterCompleted()[pri:10, instance:com.nagarro.testCases.TestcasesForOrderPlacedInPresentNFuture@71318ec4]" name="cancelTheOrderAfterCompleted" duration-ms="911" started-at="2018-12-18T06:05:29Z" finished-at="2018-12-18T06:05:29Z">
          <reporter-output>
          </reporter-output>
        </test-method> <!-- cancelTheOrderAfterCompleted -->
        <test-method status="PASS" signature="setUp()[pri:0, instance:com.nagarro.testCases.TestcasesForOrderPlacedInPresentNFuture@71318ec4]" name="setUp" is-config="true" duration-ms="0" started-at="2018-12-18T06:05:29Z" finished-at="2018-12-18T06:05:29Z">
          <reporter-output>
          </reporter-output>
        </test-method> <!-- setUp -->
        <test-method status="FAIL" signature="cancelTheOrderAfterCancel()[pri:11, instance:com.nagarro.testCases.TestcasesForOrderPlacedInPresentNFuture@71318ec4]" name="cancelTheOrderAfterCancel" duration-ms="752" started-at="2018-12-18T06:05:29Z" finished-at="2018-12-18T06:05:30Z">
          <exception class="java.lang.AssertionError">
            <message>
              <![CDATA[Status code is not 422 expected [422] but found [200]]]>
            </message>
            <full-stacktrace>
              <![CDATA[java.lang.AssertionError: Status code is not 422 expected [422] but found [200]
at org.testng.Assert.fail(Assert.java:96)
at org.testng.Assert.failNotEquals(Assert.java:776)
at org.testng.Assert.assertEqualsImpl(Assert.java:137)
at org.testng.Assert.assertEquals(Assert.java:118)
at org.testng.Assert.assertEquals(Assert.java:652)
at com.nagarro.testCases.TestcasesForOrderPlacedInPresentNFuture.CommonUtilityForResponseCode422(TestcasesForOrderPlacedInPresentNFuture.java:294)
at com.nagarro.testCases.TestcasesForOrderPlacedInPresentNFuture.cancelTheOrderAfterCancel(TestcasesForOrderPlacedInPresentNFuture.java:361)
at sun.reflect.NativeMethodAccessorImpl.invoke0(Native Method)
at sun.reflect.NativeMethodAccessorImpl.invoke(Unknown Source)
at sun.reflect.DelegatingMethodAccessorImpl.invoke(Unknown Source)
at java.lang.reflect.Method.invoke(Unknown Source)
at org.testng.internal.MethodInvocationHelper.invokeMethod(MethodInvocationHelper.java:124)
at org.testng.internal.Invoker.invokeMethod(Invoker.java:583)
at org.testng.internal.Invoker.invokeTestMethod(Invoker.java:719)
at org.testng.internal.Invoker.invokeTestMethods(Invoker.java:989)
at org.testng.internal.TestMethodWorker.invokeTestMethods(TestMethodWorker.java:125)
at org.testng.internal.TestMethodWorker.run(TestMethodWorker.java:109)
at org.testng.TestRunner.privateRun(TestRunner.java:648)
at org.testng.TestRunner.run(TestRunner.java:505)
at org.testng.SuiteRunner.runTest(SuiteRunner.java:455)
at org.testng.SuiteRunner.runSequentially(SuiteRunner.java:450)
at org.testng.SuiteRunner.privateRun(SuiteRunner.java:415)
at org.testng.SuiteRunner.run(SuiteRunner.java:364)
at org.testng.SuiteRunnerWorker.runSuite(SuiteRunnerWorker.java:52)
at org.testng.SuiteRunnerWorker.run(SuiteRunnerWorker.java:84)
at org.testng.TestNG.runSuitesSequentially(TestNG.java:1208)
at org.testng.TestNG.runSuitesLocally(TestNG.java:1137)
at org.testng.TestNG.runSuites(TestNG.java:1049)
at org.testng.TestNG.run(TestNG.java:1017)
at org.testng.remote.AbstractRemoteTestNG.run(AbstractRemoteTestNG.java:114)
at org.testng.remote.RemoteTestNG.initAndRun(RemoteTestNG.java:251)
at org.testng.remote.RemoteTestNG.main(RemoteTestNG.java:77)
]]>
            </full-stacktrace>
          </exception> <!-- java.lang.AssertionError -->
          <reporter-output>
          </reporter-output>
        </test-method> <!-- cancelTheOrderAfterCancel -->
        <test-method status="PASS" signature="setUp()[pri:0, instance:com.nagarro.testCases.TestcasesForOrderPlacedInPresentNFuture@71318ec4]" name="setUp" is-config="true" duration-ms="0" started-at="2018-12-18T06:05:30Z" finished-at="2018-12-18T06:05:30Z">
          <reporter-output>
          </reporter-output>
        </test-method> <!-- setUp -->
        <test-method status="PASS" signature="CompleteTheOrderAfterCancel()[pri:12, instance:com.nagarro.testCases.TestcasesForOrderPlacedInPresentNFuture@71318ec4]" name="CompleteTheOrderAfterCancel" duration-ms="844" started-at="2018-12-18T06:05:30Z" finished-at="2018-12-18T06:05:31Z">
          <reporter-output>
          </reporter-output>
        </test-method> <!-- CompleteTheOrderAfterCancel -->
        <test-method status="PASS" signature="setUp()[pri:0, instance:com.nagarro.testCases.TestcasesForOrderPlacedInPresentNFuture@71318ec4]" name="setUp" is-config="true" duration-ms="0" started-at="2018-12-18T06:05:31Z" finished-at="2018-12-18T06:05:31Z">
          <reporter-output>
          </reporter-output>
        </test-method> <!-- setUp -->
        <test-method status="PASS" signature="fetchTheOrderDetailsNotCreated()[pri:13, instance:com.nagarro.testCases.TestcasesForOrderPlacedInPresentNFuture@71318ec4]" name="fetchTheOrderDetailsNotCreated" duration-ms="109" started-at="2018-12-18T06:05:31Z" finished-at="2018-12-18T06:05:31Z">
          <reporter-output>
          </reporter-output>
        </test-method> <!-- fetchTheOrderDetailsNotCreated -->
      </class> <!-- com.nagarro.testCases.TestcasesForOrderPlacedInPresentNFuture -->
    </test> <!-- Default test -->
  </suite> <!-- Default suite -->
</testng-results>
