<?xml version="1.0" encoding="UTF-8"?>
<testng-results skipped="0" failed="3" ignored="0" total="35" passed="32">
  <reporter-output>
  </reporter-output>
  <suite name="Suite" duration-ms="26950" started-at="2018-12-18T12:39:17Z" finished-at="2018-12-18T12:39:44Z">
    <groups>
      <group name="Cancel the Order after Completed">
        <method signature="TestcasesForOrderPlacedInPresentNFuture.testcases_Verify__CancelTheOrderAfterCompleted()[pri:11, instance:com.nagarro.testCases.TestcasesForOrderPlacedInPresentNFuture@78c03f1f]" name="testcases_Verify__CancelTheOrderAfterCompleted" class="com.nagarro.testCases.TestcasesForOrderPlacedInPresentNFuture"/>
        <method signature="TestcasesForMoreThan3StopsInPresentFuture.testcases_Verify__CancelTheOrderAfterCompleted()[pri:11, instance:com.nagarro.testCases.TestcasesForMoreThan3StopsInPresentFuture@3a5ed7a6]" name="testcases_Verify__CancelTheOrderAfterCompleted" class="com.nagarro.testCases.TestcasesForMoreThan3StopsInPresentFuture"/>
      </group> <!-- Cancel the Order after Completed -->
      <group name="take the Order after Ongoing State">
        <method signature="TestcasesForOrderPlacedInPresentNFuture.testcases_Verify__TakeTheOngoingOrder()[pri:6, instance:com.nagarro.testCases.TestcasesForOrderPlacedInPresentNFuture@78c03f1f]" name="testcases_Verify__TakeTheOngoingOrder" class="com.nagarro.testCases.TestcasesForOrderPlacedInPresentNFuture"/>
        <method signature="TestcasesForMoreThan3StopsInPresentFuture.testcases_Verify__TakeTheOngoingOrder()[pri:6, instance:com.nagarro.testCases.TestcasesForMoreThan3StopsInPresentFuture@3a5ed7a6]" name="testcases_Verify__TakeTheOngoingOrder" class="com.nagarro.testCases.TestcasesForMoreThan3StopsInPresentFuture"/>
      </group> <!-- take the Order after Ongoing State -->
      <group name="Take the Order just after completed">
        <method signature="TestcasesForOrderPlacedInPresentNFuture.testcases_Verify__TakeTheCompletedOrder()[pri:7, instance:com.nagarro.testCases.TestcasesForOrderPlacedInPresentNFuture@78c03f1f]" name="testcases_Verify__TakeTheCompletedOrder" class="com.nagarro.testCases.TestcasesForOrderPlacedInPresentNFuture"/>
        <method signature="TestcasesForMoreThan3StopsInPresentFuture.testcases_Verify__TakeTheCompletedOrder()[pri:7, instance:com.nagarro.testCases.TestcasesForMoreThan3StopsInPresentFuture@3a5ed7a6]" name="testcases_Verify__TakeTheCompletedOrder" class="com.nagarro.testCases.TestcasesForMoreThan3StopsInPresentFuture"/>
      </group> <!-- Take the Order just after completed -->
      <group name="Complete the order after Completed">
        <method signature="TestcasesForOrderPlacedInPresentNFuture.testcases_Verify__CompleteTheOrderAfterCompleted()[pri:10, instance:com.nagarro.testCases.TestcasesForOrderPlacedInPresentNFuture@78c03f1f]" name="testcases_Verify__CompleteTheOrderAfterCompleted" class="com.nagarro.testCases.TestcasesForOrderPlacedInPresentNFuture"/>
        <method signature="TestcasesForMoreThan3StopsInPresentFuture.testcases_Verify__CompleteTheOrderAfterCompleted()[pri:10, instance:com.nagarro.testCases.TestcasesForMoreThan3StopsInPresentFuture@3a5ed7a6]" name="testcases_Verify__CompleteTheOrderAfterCompleted" class="com.nagarro.testCases.TestcasesForMoreThan3StopsInPresentFuture"/>
      </group> <!-- Complete the order after Completed -->
      <group name="Take The Order after Completed">
        <method signature="TestcasesForOrderPlacedInPresentNFuture.testcases_Verify__TakeTheOrderAfterCompleted()[pri:12, instance:com.nagarro.testCases.TestcasesForOrderPlacedInPresentNFuture@78c03f1f]" name="testcases_Verify__TakeTheOrderAfterCompleted" class="com.nagarro.testCases.TestcasesForOrderPlacedInPresentNFuture"/>
        <method signature="TestcasesForMoreThan3StopsInPresentFuture.testcases_Verify__TakeTheOrderAfterCompleted()[pri:12, instance:com.nagarro.testCases.TestcasesForMoreThan3StopsInPresentFuture@3a5ed7a6]" name="testcases_Verify__TakeTheOrderAfterCompleted" class="com.nagarro.testCases.TestcasesForMoreThan3StopsInPresentFuture"/>
      </group> <!-- Take The Order after Completed -->
      <group name="place order with wrong body">
        <method signature="TestcasesForOrderPlacedInPresentNFuture.testcases_Verify__FetchTheOrderDetailsNotCreated()[pri:16, instance:com.nagarro.testCases.TestcasesForOrderPlacedInPresentNFuture@78c03f1f]" name="testcases_Verify__FetchTheOrderDetailsNotCreated" class="com.nagarro.testCases.TestcasesForOrderPlacedInPresentNFuture"/>
        <method signature="TestcasesForMoreThan3StopsInPresentFuture.testcases_Verify__FetchTheOrderDetailsNotCreated()[pri:16, instance:com.nagarro.testCases.TestcasesForMoreThan3StopsInPresentFuture@3a5ed7a6]" name="testcases_Verify__FetchTheOrderDetailsNotCreated" class="com.nagarro.testCases.TestcasesForMoreThan3StopsInPresentFuture"/>
      </group> <!-- place order with wrong body -->
      <group name="Take the Order after Cancelled">
        <method signature="TestcasesForOrderPlacedInPresentNFuture.testcases_Verify__TakeTheCancelledOrder()[pri:8, instance:com.nagarro.testCases.TestcasesForOrderPlacedInPresentNFuture@78c03f1f]" name="testcases_Verify__TakeTheCancelledOrder" class="com.nagarro.testCases.TestcasesForOrderPlacedInPresentNFuture"/>
        <method signature="TestcasesForMoreThan3StopsInPresentFuture.testcases_Verify__TakeTheCancelledOrder()[pri:8, instance:com.nagarro.testCases.TestcasesForMoreThan3StopsInPresentFuture@3a5ed7a6]" name="testcases_Verify__TakeTheCancelledOrder" class="com.nagarro.testCases.TestcasesForMoreThan3StopsInPresentFuture"/>
      </group> <!-- Take the Order after Cancelled -->
      <group name="Cancel the order after cancelled">
        <method signature="TestcasesForOrderPlacedInPresentNFuture.testcases_Verify__CancelTheOrderAfterCancel()[pri:13, instance:com.nagarro.testCases.TestcasesForOrderPlacedInPresentNFuture@78c03f1f]" name="testcases_Verify__CancelTheOrderAfterCancel" class="com.nagarro.testCases.TestcasesForOrderPlacedInPresentNFuture"/>
        <method signature="TestcasesForMoreThan3StopsInPresentFuture.testcases_Verify__CancelTheOrderAfterCancel()[pri:13, instance:com.nagarro.testCases.TestcasesForMoreThan3StopsInPresentFuture@3a5ed7a6]" name="testcases_Verify__CancelTheOrderAfterCancel" class="com.nagarro.testCases.TestcasesForMoreThan3StopsInPresentFuture"/>
      </group> <!-- Cancel the order after cancelled -->
      <group name="complete Order from Assign State">
        <method signature="TestcasesForOrderPlacedInPresentNFuture.testcases_Verify__CompleteTheNewOrder()[pri:9, instance:com.nagarro.testCases.TestcasesForOrderPlacedInPresentNFuture@78c03f1f]" name="testcases_Verify__CompleteTheNewOrder" class="com.nagarro.testCases.TestcasesForOrderPlacedInPresentNFuture"/>
      </group> <!-- complete Order from Assign State -->
      <group name="complete the new Order">
        <method signature="TestcasesForOrderPlacedInPresentNFuture.testcases_Verify__CompleteTheOrderDetails()[pri:5, instance:com.nagarro.testCases.TestcasesForOrderPlacedInPresentNFuture@78c03f1f]" name="testcases_Verify__CompleteTheOrderDetails" class="com.nagarro.testCases.TestcasesForOrderPlacedInPresentNFuture"/>
        <method signature="TestcasesForOrderPlacedInPresentNFuture.testcases_Verify__FetchTheOrderDetails()[pri:3, instance:com.nagarro.testCases.TestcasesForOrderPlacedInPresentNFuture@78c03f1f]" name="testcases_Verify__FetchTheOrderDetails" class="com.nagarro.testCases.TestcasesForOrderPlacedInPresentNFuture"/>
        <method signature="TestcasesForOrderPlacedInPresentNFuture.testcases_Verify__TakeTheOrderDetails()[pri:4, instance:com.nagarro.testCases.TestcasesForOrderPlacedInPresentNFuture@78c03f1f]" name="testcases_Verify__TakeTheOrderDetails" class="com.nagarro.testCases.TestcasesForOrderPlacedInPresentNFuture"/>
        <method signature="TestcasesForMoreThan3StopsInPresentFuture.testcases_Verify__CompleteTheNewOrder()[pri:9, instance:com.nagarro.testCases.TestcasesForMoreThan3StopsInPresentFuture@3a5ed7a6]" name="testcases_Verify__CompleteTheNewOrder" class="com.nagarro.testCases.TestcasesForMoreThan3StopsInPresentFuture"/>
        <method signature="TestcasesForMoreThan3StopsInPresentFuture.testcases_Verify__CompleteTheOrderDetails()[pri:5, instance:com.nagarro.testCases.TestcasesForMoreThan3StopsInPresentFuture@3a5ed7a6]" name="testcases_Verify__CompleteTheOrderDetails" class="com.nagarro.testCases.TestcasesForMoreThan3StopsInPresentFuture"/>
        <method signature="TestcasesForMoreThan3StopsInPresentFuture.testcases_Verify__FetchTheOrderDetails()[pri:3, instance:com.nagarro.testCases.TestcasesForMoreThan3StopsInPresentFuture@3a5ed7a6]" name="testcases_Verify__FetchTheOrderDetails" class="com.nagarro.testCases.TestcasesForMoreThan3StopsInPresentFuture"/>
        <method signature="TestcasesForMoreThan3StopsInPresentFuture.testcases_Verify__TakeTheOrderDetails()[pri:4, instance:com.nagarro.testCases.TestcasesForMoreThan3StopsInPresentFuture@3a5ed7a6]" name="testcases_Verify__TakeTheOrderDetails" class="com.nagarro.testCases.TestcasesForMoreThan3StopsInPresentFuture"/>
      </group> <!-- complete the new Order -->
      <group name="Cancel the new Order">
        <method signature="TestcasesForOrderPlacedInPresentNFuture.testcases_Verify__CancelOrder()[pri:2, instance:com.nagarro.testCases.TestcasesForOrderPlacedInPresentNFuture@78c03f1f]" name="testcases_Verify__CancelOrder" class="com.nagarro.testCases.TestcasesForOrderPlacedInPresentNFuture"/>
        <method signature="TestcasesForMoreThan3StopsInPresentFuture.testcase_Verify_PlaceNewOrder()[pri:1, instance:com.nagarro.testCases.TestcasesForMoreThan3StopsInPresentFuture@3a5ed7a6]" name="testcase_Verify_PlaceNewOrder" class="com.nagarro.testCases.TestcasesForMoreThan3StopsInPresentFuture"/>
        <method signature="TestcasesForMoreThan3StopsInPresentFuture.testcases_Verify__CancelOrder()[pri:2, instance:com.nagarro.testCases.TestcasesForMoreThan3StopsInPresentFuture@3a5ed7a6]" name="testcases_Verify__CancelOrder" class="com.nagarro.testCases.TestcasesForMoreThan3StopsInPresentFuture"/>
      </group> <!-- Cancel the new Order -->
      <group name="Complete the Order after Cancelled">
        <method signature="TestcasesForOrderPlacedInPresentNFuture.testcases_Verify__CompleteTheOrderAfterCancel()[pri:14, instance:com.nagarro.testCases.TestcasesForOrderPlacedInPresentNFuture@78c03f1f]" name="testcases_Verify__CompleteTheOrderAfterCancel" class="com.nagarro.testCases.TestcasesForOrderPlacedInPresentNFuture"/>
        <method signature="TestcasesForMoreThan3StopsInPresentFuture.testcases_Verify__CompleteTheOrderAfterCancel()[pri:14, instance:com.nagarro.testCases.TestcasesForMoreThan3StopsInPresentFuture@3a5ed7a6]" name="testcases_Verify__CompleteTheOrderAfterCancel" class="com.nagarro.testCases.TestcasesForMoreThan3StopsInPresentFuture"/>
      </group> <!-- Complete the Order after Cancelled -->
      <group name="Place the new Order">
        <method signature="TestcasesForOrderPlacedInPresentNFuture.testcase_Verify_PlaceNewOrder()[pri:1, instance:com.nagarro.testCases.TestcasesForOrderPlacedInPresentNFuture@78c03f1f]" name="testcase_Verify_PlaceNewOrder" class="com.nagarro.testCases.TestcasesForOrderPlacedInPresentNFuture"/>
      </group> <!-- Place the new Order -->
      <group name="Take The Order after Cancelled">
        <method signature="TestcasesForOrderPlacedInPresentNFuture.testcases_Verify__TakeTheOrderAfterCancelled()[pri:15, instance:com.nagarro.testCases.TestcasesForOrderPlacedInPresentNFuture@78c03f1f]" name="testcases_Verify__TakeTheOrderAfterCancelled" class="com.nagarro.testCases.TestcasesForOrderPlacedInPresentNFuture"/>
        <method signature="TestcasesForMoreThan3StopsInPresentFuture.testcases_Verify__TakeTheOrderAfterCancelled()[pri:15, instance:com.nagarro.testCases.TestcasesForMoreThan3StopsInPresentFuture@3a5ed7a6]" name="testcases_Verify__TakeTheOrderAfterCancelled" class="com.nagarro.testCases.TestcasesForMoreThan3StopsInPresentFuture"/>
      </group> <!-- Take The Order after Cancelled -->
    </groups>
    <test name="place order at 3 stops in present and future" duration-ms="17783" started-at="2018-12-18T12:39:17Z" finished-at="2018-12-18T12:39:35Z">
      <class name="com.nagarro.testCases.TestcasesForOrderPlacedInPresentNFuture">
        <test-method status="PASS" signature="setUp()[pri:0, instance:com.nagarro.testCases.TestcasesForOrderPlacedInPresentNFuture@78c03f1f]" name="setUp" is-config="true" duration-ms="18" started-at="2018-12-18T12:39:18Z" finished-at="2018-12-18T12:39:18Z">
          <reporter-output>
          </reporter-output>
        </test-method> <!-- setUp -->
        <test-method status="PASS" signature="testcase_Verify_PlaceNewOrder()[pri:1, instance:com.nagarro.testCases.TestcasesForOrderPlacedInPresentNFuture@78c03f1f]" name="testcase_Verify_PlaceNewOrder" duration-ms="4884" started-at="2018-12-18T12:39:18Z" finished-at="2018-12-18T12:39:22Z">
          <reporter-output>
          </reporter-output>
        </test-method> <!-- testcase_Verify_PlaceNewOrder -->
        <test-method status="PASS" signature="setUp()[pri:0, instance:com.nagarro.testCases.TestcasesForOrderPlacedInPresentNFuture@78c03f1f]" name="setUp" is-config="true" duration-ms="3" started-at="2018-12-18T12:39:22Z" finished-at="2018-12-18T12:39:22Z">
          <reporter-output>
          </reporter-output>
        </test-method> <!-- setUp -->
        <test-method status="PASS" signature="testcases_Verify__CancelOrder()[pri:2, instance:com.nagarro.testCases.TestcasesForOrderPlacedInPresentNFuture@78c03f1f]" name="testcases_Verify__CancelOrder" duration-ms="426" started-at="2018-12-18T12:39:22Z" finished-at="2018-12-18T12:39:23Z">
          <reporter-output>
          </reporter-output>
        </test-method> <!-- testcases_Verify__CancelOrder -->
        <test-method status="PASS" signature="setUp()[pri:0, instance:com.nagarro.testCases.TestcasesForOrderPlacedInPresentNFuture@78c03f1f]" name="setUp" is-config="true" duration-ms="6" started-at="2018-12-18T12:39:23Z" finished-at="2018-12-18T12:39:23Z">
          <reporter-output>
          </reporter-output>
        </test-method> <!-- setUp -->
        <test-method status="PASS" signature="testcases_Verify__FetchTheOrderDetails()[pri:3, instance:com.nagarro.testCases.TestcasesForOrderPlacedInPresentNFuture@78c03f1f]" name="testcases_Verify__FetchTheOrderDetails" duration-ms="585" started-at="2018-12-18T12:39:23Z" finished-at="2018-12-18T12:39:23Z">
          <reporter-output>
          </reporter-output>
        </test-method> <!-- testcases_Verify__FetchTheOrderDetails -->
        <test-method status="PASS" signature="testcases_Verify__TakeTheOrderDetails()[pri:4, instance:com.nagarro.testCases.TestcasesForOrderPlacedInPresentNFuture@78c03f1f]" name="testcases_Verify__TakeTheOrderDetails" duration-ms="115" started-at="2018-12-18T12:39:23Z" finished-at="2018-12-18T12:39:24Z">
          <reporter-output>
          </reporter-output>
        </test-method> <!-- testcases_Verify__TakeTheOrderDetails -->
        <test-method status="PASS" signature="setUp()[pri:0, instance:com.nagarro.testCases.TestcasesForOrderPlacedInPresentNFuture@78c03f1f]" name="setUp" is-config="true" duration-ms="0" started-at="2018-12-18T12:39:23Z" finished-at="2018-12-18T12:39:23Z">
          <reporter-output>
          </reporter-output>
        </test-method> <!-- setUp -->
        <test-method status="PASS" signature="setUp()[pri:0, instance:com.nagarro.testCases.TestcasesForOrderPlacedInPresentNFuture@78c03f1f]" name="setUp" is-config="true" duration-ms="1" started-at="2018-12-18T12:39:24Z" finished-at="2018-12-18T12:39:24Z">
          <reporter-output>
          </reporter-output>
        </test-method> <!-- setUp -->
        <test-method status="PASS" signature="testcases_Verify__CompleteTheOrderDetails()[pri:5, instance:com.nagarro.testCases.TestcasesForOrderPlacedInPresentNFuture@78c03f1f]" name="testcases_Verify__CompleteTheOrderDetails" duration-ms="108" started-at="2018-12-18T12:39:24Z" finished-at="2018-12-18T12:39:24Z">
          <reporter-output>
          </reporter-output>
        </test-method> <!-- testcases_Verify__CompleteTheOrderDetails -->
        <test-method status="PASS" signature="setUp()[pri:0, instance:com.nagarro.testCases.TestcasesForOrderPlacedInPresentNFuture@78c03f1f]" name="setUp" is-config="true" duration-ms="2" started-at="2018-12-18T12:39:24Z" finished-at="2018-12-18T12:39:24Z">
          <reporter-output>
          </reporter-output>
        </test-method> <!-- setUp -->
        <test-method status="PASS" signature="testcases_Verify__TakeTheOngoingOrder()[pri:6, instance:com.nagarro.testCases.TestcasesForOrderPlacedInPresentNFuture@78c03f1f]" name="testcases_Verify__TakeTheOngoingOrder" duration-ms="570" started-at="2018-12-18T12:39:24Z" finished-at="2018-12-18T12:39:24Z">
          <reporter-output>
          </reporter-output>
        </test-method> <!-- testcases_Verify__TakeTheOngoingOrder -->
        <test-method status="PASS" signature="setUp()[pri:0, instance:com.nagarro.testCases.TestcasesForOrderPlacedInPresentNFuture@78c03f1f]" name="setUp" is-config="true" duration-ms="0" started-at="2018-12-18T12:39:24Z" finished-at="2018-12-18T12:39:24Z">
          <reporter-output>
          </reporter-output>
        </test-method> <!-- setUp -->
        <test-method status="PASS" signature="testcases_Verify__TakeTheCompletedOrder()[pri:7, instance:com.nagarro.testCases.TestcasesForOrderPlacedInPresentNFuture@78c03f1f]" name="testcases_Verify__TakeTheCompletedOrder" duration-ms="848" started-at="2018-12-18T12:39:24Z" finished-at="2018-12-18T12:39:25Z">
          <reporter-output>
          </reporter-output>
        </test-method> <!-- testcases_Verify__TakeTheCompletedOrder -->
        <test-method status="PASS" signature="setUp()[pri:0, instance:com.nagarro.testCases.TestcasesForOrderPlacedInPresentNFuture@78c03f1f]" name="setUp" is-config="true" duration-ms="1" started-at="2018-12-18T12:39:25Z" finished-at="2018-12-18T12:39:25Z">
          <reporter-output>
          </reporter-output>
        </test-method> <!-- setUp -->
        <test-method status="PASS" signature="testcases_Verify__TakeTheCancelledOrder()[pri:8, instance:com.nagarro.testCases.TestcasesForOrderPlacedInPresentNFuture@78c03f1f]" name="testcases_Verify__TakeTheCancelledOrder" duration-ms="1189" started-at="2018-12-18T12:39:25Z" finished-at="2018-12-18T12:39:26Z">
          <reporter-output>
          </reporter-output>
        </test-method> <!-- testcases_Verify__TakeTheCancelledOrder -->
        <test-method status="PASS" signature="setUp()[pri:0, instance:com.nagarro.testCases.TestcasesForOrderPlacedInPresentNFuture@78c03f1f]" name="setUp" is-config="true" duration-ms="1" started-at="2018-12-18T12:39:26Z" finished-at="2018-12-18T12:39:26Z">
          <reporter-output>
          </reporter-output>
        </test-method> <!-- setUp -->
        <test-method status="PASS" signature="testcases_Verify__CompleteTheNewOrder()[pri:9, instance:com.nagarro.testCases.TestcasesForOrderPlacedInPresentNFuture@78c03f1f]" name="testcases_Verify__CompleteTheNewOrder" duration-ms="494" started-at="2018-12-18T12:39:26Z" finished-at="2018-12-18T12:39:27Z">
          <reporter-output>
          </reporter-output>
        </test-method> <!-- testcases_Verify__CompleteTheNewOrder -->
        <test-method status="PASS" signature="setUp()[pri:0, instance:com.nagarro.testCases.TestcasesForOrderPlacedInPresentNFuture@78c03f1f]" name="setUp" is-config="true" duration-ms="5" started-at="2018-12-18T12:39:27Z" finished-at="2018-12-18T12:39:27Z">
          <reporter-output>
          </reporter-output>
        </test-method> <!-- setUp -->
        <test-method status="PASS" signature="testcases_Verify__CompleteTheOrderAfterCompleted()[pri:10, instance:com.nagarro.testCases.TestcasesForOrderPlacedInPresentNFuture@78c03f1f]" name="testcases_Verify__CompleteTheOrderAfterCompleted" duration-ms="3816" started-at="2018-12-18T12:39:27Z" finished-at="2018-12-18T12:39:31Z">
          <reporter-output>
          </reporter-output>
        </test-method> <!-- testcases_Verify__CompleteTheOrderAfterCompleted -->
        <test-method status="PASS" signature="setUp()[pri:0, instance:com.nagarro.testCases.TestcasesForOrderPlacedInPresentNFuture@78c03f1f]" name="setUp" is-config="true" duration-ms="2" started-at="2018-12-18T12:39:31Z" finished-at="2018-12-18T12:39:31Z">
          <reporter-output>
          </reporter-output>
        </test-method> <!-- setUp -->
        <test-method status="PASS" signature="testcases_Verify__CancelTheOrderAfterCompleted()[pri:11, instance:com.nagarro.testCases.TestcasesForOrderPlacedInPresentNFuture@78c03f1f]" name="testcases_Verify__CancelTheOrderAfterCompleted" duration-ms="768" started-at="2018-12-18T12:39:31Z" finished-at="2018-12-18T12:39:31Z">
          <reporter-output>
          </reporter-output>
        </test-method> <!-- testcases_Verify__CancelTheOrderAfterCompleted -->
        <test-method status="PASS" signature="setUp()[pri:0, instance:com.nagarro.testCases.TestcasesForOrderPlacedInPresentNFuture@78c03f1f]" name="setUp" is-config="true" duration-ms="1" started-at="2018-12-18T12:39:31Z" finished-at="2018-12-18T12:39:31Z">
          <reporter-output>
          </reporter-output>
        </test-method> <!-- setUp -->
        <test-method status="PASS" signature="testcases_Verify__TakeTheOrderAfterCompleted()[pri:12, instance:com.nagarro.testCases.TestcasesForOrderPlacedInPresentNFuture@78c03f1f]" name="testcases_Verify__TakeTheOrderAfterCompleted" duration-ms="736" started-at="2018-12-18T12:39:31Z" finished-at="2018-12-18T12:39:32Z">
          <reporter-output>
          </reporter-output>
        </test-method> <!-- testcases_Verify__TakeTheOrderAfterCompleted -->
        <test-method status="PASS" signature="setUp()[pri:0, instance:com.nagarro.testCases.TestcasesForOrderPlacedInPresentNFuture@78c03f1f]" name="setUp" is-config="true" duration-ms="1" started-at="2018-12-18T12:39:32Z" finished-at="2018-12-18T12:39:32Z">
          <reporter-output>
          </reporter-output>
        </test-method> <!-- setUp -->
        <test-method status="FAIL" signature="testcases_Verify__CancelTheOrderAfterCancel()[pri:13, instance:com.nagarro.testCases.TestcasesForOrderPlacedInPresentNFuture@78c03f1f]" name="testcases_Verify__CancelTheOrderAfterCancel" duration-ms="1086" started-at="2018-12-18T12:39:32Z" finished-at="2018-12-18T12:39:33Z">
          <exception class="java.lang.AssertionError">
            <message>
              <![CDATA[Status code is not 422 expected [422] but found [200]]]>
            </message>
            <full-stacktrace>
              <![CDATA[java.lang.AssertionError: Status code is not 422 expected [422] but found [200]
at org.testng.Assert.fail(Assert.java:96)
at org.testng.Assert.failNotEquals(Assert.java:776)
at org.testng.Assert.assertEqualsImpl(Assert.java:137)
at org.testng.Assert.assertEquals(Assert.java:118)
at org.testng.Assert.assertEquals(Assert.java:652)
at com.nagarro.util.CommonUtility.Verify_ResponseCode422(CommonUtility.java:210)
at com.nagarro.testCases.TestcasesForOrderPlacedInPresentNFuture.testcases_Verify__CancelTheOrderAfterCancel(TestcasesForOrderPlacedInPresentNFuture.java:323)
at sun.reflect.NativeMethodAccessorImpl.invoke0(Native Method)
at sun.reflect.NativeMethodAccessorImpl.invoke(NativeMethodAccessorImpl.java:62)
at sun.reflect.DelegatingMethodAccessorImpl.invoke(DelegatingMethodAccessorImpl.java:43)
at java.lang.reflect.Method.invoke(Method.java:498)
at org.testng.internal.MethodInvocationHelper.invokeMethod(MethodInvocationHelper.java:124)
at org.testng.internal.Invoker.invokeMethod(Invoker.java:583)
at org.testng.internal.Invoker.invokeTestMethod(Invoker.java:719)
at org.testng.internal.Invoker.invokeTestMethods(Invoker.java:989)
at org.testng.internal.TestMethodWorker.invokeTestMethods(TestMethodWorker.java:125)
at org.testng.internal.TestMethodWorker.run(TestMethodWorker.java:109)
at org.testng.TestRunner.privateRun(TestRunner.java:648)
at org.testng.TestRunner.run(TestRunner.java:505)
at org.testng.SuiteRunner.runTest(SuiteRunner.java:455)
at org.testng.SuiteRunner.runSequentially(SuiteRunner.java:450)
at org.testng.SuiteRunner.privateRun(SuiteRunner.java:415)
at org.testng.SuiteRunner.run(SuiteRunner.java:364)
at org.testng.SuiteRunnerWorker.runSuite(SuiteRunnerWorker.java:52)
at org.testng.SuiteRunnerWorker.run(SuiteRunnerWorker.java:84)
at org.testng.TestNG.runSuitesSequentially(TestNG.java:1208)
at org.testng.TestNG.runSuitesLocally(TestNG.java:1137)
at org.testng.TestNG.runSuites(TestNG.java:1049)
at org.testng.TestNG.run(TestNG.java:1017)
at org.testng.remote.AbstractRemoteTestNG.run(AbstractRemoteTestNG.java:114)
at org.testng.remote.RemoteTestNG.initAndRun(RemoteTestNG.java:251)
at org.testng.remote.RemoteTestNG.main(RemoteTestNG.java:77)
]]>
            </full-stacktrace>
          </exception> <!-- java.lang.AssertionError -->
          <reporter-output>
          </reporter-output>
        </test-method> <!-- testcases_Verify__CancelTheOrderAfterCancel -->
        <test-method status="PASS" signature="setUp()[pri:0, instance:com.nagarro.testCases.TestcasesForOrderPlacedInPresentNFuture@78c03f1f]" name="setUp" is-config="true" duration-ms="1" started-at="2018-12-18T12:39:33Z" finished-at="2018-12-18T12:39:33Z">
          <reporter-output>
          </reporter-output>
        </test-method> <!-- setUp -->
        <test-method status="PASS" signature="testcases_Verify__CompleteTheOrderAfterCancel()[pri:14, instance:com.nagarro.testCases.TestcasesForOrderPlacedInPresentNFuture@78c03f1f]" name="testcases_Verify__CompleteTheOrderAfterCancel" duration-ms="893" started-at="2018-12-18T12:39:33Z" finished-at="2018-12-18T12:39:34Z">
          <reporter-output>
          </reporter-output>
        </test-method> <!-- testcases_Verify__CompleteTheOrderAfterCancel -->
        <test-method status="PASS" signature="setUp()[pri:0, instance:com.nagarro.testCases.TestcasesForOrderPlacedInPresentNFuture@78c03f1f]" name="setUp" is-config="true" duration-ms="1" started-at="2018-12-18T12:39:34Z" finished-at="2018-12-18T12:39:34Z">
          <reporter-output>
          </reporter-output>
        </test-method> <!-- setUp -->
        <test-method status="PASS" signature="testcases_Verify__TakeTheOrderAfterCancelled()[pri:15, instance:com.nagarro.testCases.TestcasesForOrderPlacedInPresentNFuture@78c03f1f]" name="testcases_Verify__TakeTheOrderAfterCancelled" duration-ms="997" started-at="2018-12-18T12:39:34Z" finished-at="2018-12-18T12:39:35Z">
          <reporter-output>
          </reporter-output>
        </test-method> <!-- testcases_Verify__TakeTheOrderAfterCancelled -->
        <test-method status="PASS" signature="setUp()[pri:0, instance:com.nagarro.testCases.TestcasesForOrderPlacedInPresentNFuture@78c03f1f]" name="setUp" is-config="true" duration-ms="2" started-at="2018-12-18T12:39:35Z" finished-at="2018-12-18T12:39:35Z">
          <reporter-output>
          </reporter-output>
        </test-method> <!-- setUp -->
        <test-method status="PASS" signature="testcases_Verify__FetchTheOrderDetailsNotCreated()[pri:16, instance:com.nagarro.testCases.TestcasesForOrderPlacedInPresentNFuture@78c03f1f]" name="testcases_Verify__FetchTheOrderDetailsNotCreated" duration-ms="84" started-at="2018-12-18T12:39:35Z" finished-at="2018-12-18T12:39:35Z">
          <reporter-output>
          </reporter-output>
        </test-method> <!-- testcases_Verify__FetchTheOrderDetailsNotCreated -->
      </class> <!-- com.nagarro.testCases.TestcasesForOrderPlacedInPresentNFuture -->
    </test> <!-- place order at 3 stops in present and future -->
    <test name="place order at more than 3 stops in present and future" duration-ms="8589" started-at="2018-12-18T12:39:35Z" finished-at="2018-12-18T12:39:44Z">
      <class name="com.nagarro.testCases.TestcasesForMoreThan3StopsInPresentFuture">
        <test-method status="PASS" signature="setUp()[pri:0, instance:com.nagarro.testCases.TestcasesForMoreThan3StopsInPresentFuture@3a5ed7a6]" name="setUp" is-config="true" duration-ms="1" started-at="2018-12-18T12:39:35Z" finished-at="2018-12-18T12:39:35Z">
          <reporter-output>
          </reporter-output>
        </test-method> <!-- setUp -->
        <test-method status="PASS" signature="testcase_Verify_PlaceNewOrder()[pri:1, instance:com.nagarro.testCases.TestcasesForMoreThan3StopsInPresentFuture@3a5ed7a6]" name="testcase_Verify_PlaceNewOrder" duration-ms="214" started-at="2018-12-18T12:39:35Z" finished-at="2018-12-18T12:39:36Z">
          <reporter-output>
          </reporter-output>
        </test-method> <!-- testcase_Verify_PlaceNewOrder -->
        <test-method status="PASS" signature="setUp()[pri:0, instance:com.nagarro.testCases.TestcasesForMoreThan3StopsInPresentFuture@3a5ed7a6]" name="setUp" is-config="true" duration-ms="1" started-at="2018-12-18T12:39:36Z" finished-at="2018-12-18T12:39:36Z">
          <reporter-output>
          </reporter-output>
        </test-method> <!-- setUp -->
        <test-method status="PASS" signature="testcases_Verify__CancelOrder()[pri:2, instance:com.nagarro.testCases.TestcasesForMoreThan3StopsInPresentFuture@3a5ed7a6]" name="testcases_Verify__CancelOrder" duration-ms="423" started-at="2018-12-18T12:39:36Z" finished-at="2018-12-18T12:39:36Z">
          <reporter-output>
          </reporter-output>
        </test-method> <!-- testcases_Verify__CancelOrder -->
        <test-method status="PASS" signature="setUp()[pri:0, instance:com.nagarro.testCases.TestcasesForMoreThan3StopsInPresentFuture@3a5ed7a6]" name="setUp" is-config="true" duration-ms="0" started-at="2018-12-18T12:39:36Z" finished-at="2018-12-18T12:39:36Z">
          <reporter-output>
          </reporter-output>
        </test-method> <!-- setUp -->
        <test-method status="PASS" signature="testcases_Verify__FetchTheOrderDetails()[pri:3, instance:com.nagarro.testCases.TestcasesForMoreThan3StopsInPresentFuture@3a5ed7a6]" name="testcases_Verify__FetchTheOrderDetails" duration-ms="340" started-at="2018-12-18T12:39:36Z" finished-at="2018-12-18T12:39:36Z">
          <reporter-output>
          </reporter-output>
        </test-method> <!-- testcases_Verify__FetchTheOrderDetails -->
        <test-method status="PASS" signature="setUp()[pri:0, instance:com.nagarro.testCases.TestcasesForMoreThan3StopsInPresentFuture@3a5ed7a6]" name="setUp" is-config="true" duration-ms="1" started-at="2018-12-18T12:39:36Z" finished-at="2018-12-18T12:39:36Z">
          <reporter-output>
          </reporter-output>
        </test-method> <!-- setUp -->
        <test-method status="PASS" signature="testcases_Verify__TakeTheOrderDetails()[pri:4, instance:com.nagarro.testCases.TestcasesForMoreThan3StopsInPresentFuture@3a5ed7a6]" name="testcases_Verify__TakeTheOrderDetails" duration-ms="106" started-at="2018-12-18T12:39:36Z" finished-at="2018-12-18T12:39:36Z">
          <reporter-output>
          </reporter-output>
        </test-method> <!-- testcases_Verify__TakeTheOrderDetails -->
        <test-method status="PASS" signature="setUp()[pri:0, instance:com.nagarro.testCases.TestcasesForMoreThan3StopsInPresentFuture@3a5ed7a6]" name="setUp" is-config="true" duration-ms="1" started-at="2018-12-18T12:39:36Z" finished-at="2018-12-18T12:39:36Z">
          <reporter-output>
          </reporter-output>
        </test-method> <!-- setUp -->
        <test-method status="PASS" signature="testcases_Verify__CompleteTheOrderDetails()[pri:5, instance:com.nagarro.testCases.TestcasesForMoreThan3StopsInPresentFuture@3a5ed7a6]" name="testcases_Verify__CompleteTheOrderDetails" duration-ms="98" started-at="2018-12-18T12:39:36Z" finished-at="2018-12-18T12:39:37Z">
          <reporter-output>
          </reporter-output>
        </test-method> <!-- testcases_Verify__CompleteTheOrderDetails -->
        <test-method status="PASS" signature="setUp()[pri:0, instance:com.nagarro.testCases.TestcasesForMoreThan3StopsInPresentFuture@3a5ed7a6]" name="setUp" is-config="true" duration-ms="1" started-at="2018-12-18T12:39:37Z" finished-at="2018-12-18T12:39:37Z">
          <reporter-output>
          </reporter-output>
        </test-method> <!-- setUp -->
        <test-method status="PASS" signature="testcases_Verify__TakeTheOngoingOrder()[pri:6, instance:com.nagarro.testCases.TestcasesForMoreThan3StopsInPresentFuture@3a5ed7a6]" name="testcases_Verify__TakeTheOngoingOrder" duration-ms="538" started-at="2018-12-18T12:39:37Z" finished-at="2018-12-18T12:39:37Z">
          <reporter-output>
          </reporter-output>
        </test-method> <!-- testcases_Verify__TakeTheOngoingOrder -->
        <test-method status="PASS" signature="setUp()[pri:0, instance:com.nagarro.testCases.TestcasesForMoreThan3StopsInPresentFuture@3a5ed7a6]" name="setUp" is-config="true" duration-ms="1" started-at="2018-12-18T12:39:37Z" finished-at="2018-12-18T12:39:37Z">
          <reporter-output>
          </reporter-output>
        </test-method> <!-- setUp -->
        <test-method status="PASS" signature="testcases_Verify__TakeTheCompletedOrder()[pri:7, instance:com.nagarro.testCases.TestcasesForMoreThan3StopsInPresentFuture@3a5ed7a6]" name="testcases_Verify__TakeTheCompletedOrder" duration-ms="712" started-at="2018-12-18T12:39:37Z" finished-at="2018-12-18T12:39:38Z">
          <reporter-output>
          </reporter-output>
        </test-method> <!-- testcases_Verify__TakeTheCompletedOrder -->
        <test-method status="PASS" signature="setUp()[pri:0, instance:com.nagarro.testCases.TestcasesForMoreThan3StopsInPresentFuture@3a5ed7a6]" name="setUp" is-config="true" duration-ms="1" started-at="2018-12-18T12:39:38Z" finished-at="2018-12-18T12:39:38Z">
          <reporter-output>
          </reporter-output>
        </test-method> <!-- setUp -->
        <test-method status="PASS" signature="testcases_Verify__TakeTheCancelledOrder()[pri:8, instance:com.nagarro.testCases.TestcasesForMoreThan3StopsInPresentFuture@3a5ed7a6]" name="testcases_Verify__TakeTheCancelledOrder" duration-ms="868" started-at="2018-12-18T12:39:38Z" finished-at="2018-12-18T12:39:39Z">
          <reporter-output>
          </reporter-output>
        </test-method> <!-- testcases_Verify__TakeTheCancelledOrder -->
        <test-method status="PASS" signature="setUp()[pri:0, instance:com.nagarro.testCases.TestcasesForMoreThan3StopsInPresentFuture@3a5ed7a6]" name="setUp" is-config="true" duration-ms="1" started-at="2018-12-18T12:39:39Z" finished-at="2018-12-18T12:39:39Z">
          <reporter-output>
          </reporter-output>
        </test-method> <!-- setUp -->
        <test-method status="PASS" signature="testcases_Verify__CompleteTheNewOrder()[pri:9, instance:com.nagarro.testCases.TestcasesForMoreThan3StopsInPresentFuture@3a5ed7a6]" name="testcases_Verify__CompleteTheNewOrder" duration-ms="411" started-at="2018-12-18T12:39:39Z" finished-at="2018-12-18T12:39:39Z">
          <reporter-output>
          </reporter-output>
        </test-method> <!-- testcases_Verify__CompleteTheNewOrder -->
        <test-method status="PASS" signature="setUp()[pri:0, instance:com.nagarro.testCases.TestcasesForMoreThan3StopsInPresentFuture@3a5ed7a6]" name="setUp" is-config="true" duration-ms="1" started-at="2018-12-18T12:39:39Z" finished-at="2018-12-18T12:39:39Z">
          <reporter-output>
          </reporter-output>
        </test-method> <!-- setUp -->
        <test-method status="PASS" signature="testcases_Verify__CompleteTheOrderAfterCompleted()[pri:10, instance:com.nagarro.testCases.TestcasesForMoreThan3StopsInPresentFuture@3a5ed7a6]" name="testcases_Verify__CompleteTheOrderAfterCompleted" duration-ms="701" started-at="2018-12-18T12:39:39Z" finished-at="2018-12-18T12:39:40Z">
          <reporter-output>
          </reporter-output>
        </test-method> <!-- testcases_Verify__CompleteTheOrderAfterCompleted -->
        <test-method status="PASS" signature="setUp()[pri:0, instance:com.nagarro.testCases.TestcasesForMoreThan3StopsInPresentFuture@3a5ed7a6]" name="setUp" is-config="true" duration-ms="1" started-at="2018-12-18T12:39:40Z" finished-at="2018-12-18T12:39:40Z">
          <reporter-output>
          </reporter-output>
        </test-method> <!-- setUp -->
        <test-method status="PASS" signature="testcases_Verify__CancelTheOrderAfterCompleted()[pri:11, instance:com.nagarro.testCases.TestcasesForMoreThan3StopsInPresentFuture@3a5ed7a6]" name="testcases_Verify__CancelTheOrderAfterCompleted" duration-ms="618" started-at="2018-12-18T12:39:40Z" finished-at="2018-12-18T12:39:40Z">
          <reporter-output>
          </reporter-output>
        </test-method> <!-- testcases_Verify__CancelTheOrderAfterCompleted -->
        <test-method status="PASS" signature="setUp()[pri:0, instance:com.nagarro.testCases.TestcasesForMoreThan3StopsInPresentFuture@3a5ed7a6]" name="setUp" is-config="true" duration-ms="1" started-at="2018-12-18T12:39:40Z" finished-at="2018-12-18T12:39:40Z">
          <reporter-output>
          </reporter-output>
        </test-method> <!-- setUp -->
        <test-method status="PASS" signature="testcases_Verify__TakeTheOrderAfterCompleted()[pri:12, instance:com.nagarro.testCases.TestcasesForMoreThan3StopsInPresentFuture@3a5ed7a6]" name="testcases_Verify__TakeTheOrderAfterCompleted" duration-ms="1083" started-at="2018-12-18T12:39:40Z" finished-at="2018-12-18T12:39:41Z">
          <reporter-output>
          </reporter-output>
        </test-method> <!-- testcases_Verify__TakeTheOrderAfterCompleted -->
        <test-method status="PASS" signature="setUp()[pri:0, instance:com.nagarro.testCases.TestcasesForMoreThan3StopsInPresentFuture@3a5ed7a6]" name="setUp" is-config="true" duration-ms="1" started-at="2018-12-18T12:39:41Z" finished-at="2018-12-18T12:39:41Z">
          <reporter-output>
          </reporter-output>
        </test-method> <!-- setUp -->
        <test-method status="FAIL" signature="testcases_Verify__CancelTheOrderAfterCancel()[pri:13, instance:com.nagarro.testCases.TestcasesForMoreThan3StopsInPresentFuture@3a5ed7a6]" name="testcases_Verify__CancelTheOrderAfterCancel" duration-ms="831" started-at="2018-12-18T12:39:41Z" finished-at="2018-12-18T12:39:42Z">
          <exception class="java.lang.AssertionError">
            <message>
              <![CDATA[Status code is not 422 expected [422] but found [200]]]>
            </message>
            <full-stacktrace>
              <![CDATA[java.lang.AssertionError: Status code is not 422 expected [422] but found [200]
at org.testng.Assert.fail(Assert.java:96)
at org.testng.Assert.failNotEquals(Assert.java:776)
at org.testng.Assert.assertEqualsImpl(Assert.java:137)
at org.testng.Assert.assertEquals(Assert.java:118)
at org.testng.Assert.assertEquals(Assert.java:652)
at com.nagarro.util.CommonUtility.Verify_ResponseCode422(CommonUtility.java:210)
at com.nagarro.testCases.TestcasesForMoreThan3StopsInPresentFuture.testcases_Verify__CancelTheOrderAfterCancel(TestcasesForMoreThan3StopsInPresentFuture.java:326)
at sun.reflect.NativeMethodAccessorImpl.invoke0(Native Method)
at sun.reflect.NativeMethodAccessorImpl.invoke(NativeMethodAccessorImpl.java:62)
at sun.reflect.DelegatingMethodAccessorImpl.invoke(DelegatingMethodAccessorImpl.java:43)
at java.lang.reflect.Method.invoke(Method.java:498)
at org.testng.internal.MethodInvocationHelper.invokeMethod(MethodInvocationHelper.java:124)
at org.testng.internal.Invoker.invokeMethod(Invoker.java:583)
at org.testng.internal.Invoker.invokeTestMethod(Invoker.java:719)
at org.testng.internal.Invoker.invokeTestMethods(Invoker.java:989)
at org.testng.internal.TestMethodWorker.invokeTestMethods(TestMethodWorker.java:125)
at org.testng.internal.TestMethodWorker.run(TestMethodWorker.java:109)
at org.testng.TestRunner.privateRun(TestRunner.java:648)
at org.testng.TestRunner.run(TestRunner.java:505)
at org.testng.SuiteRunner.runTest(SuiteRunner.java:455)
at org.testng.SuiteRunner.runSequentially(SuiteRunner.java:450)
at org.testng.SuiteRunner.privateRun(SuiteRunner.java:415)
at org.testng.SuiteRunner.run(SuiteRunner.java:364)
at org.testng.SuiteRunnerWorker.runSuite(SuiteRunnerWorker.java:52)
at org.testng.SuiteRunnerWorker.run(SuiteRunnerWorker.java:84)
at org.testng.TestNG.runSuitesSequentially(TestNG.java:1208)
at org.testng.TestNG.runSuitesLocally(TestNG.java:1137)
at org.testng.TestNG.runSuites(TestNG.java:1049)
at org.testng.TestNG.run(TestNG.java:1017)
at org.testng.remote.AbstractRemoteTestNG.run(AbstractRemoteTestNG.java:114)
at org.testng.remote.RemoteTestNG.initAndRun(RemoteTestNG.java:251)
at org.testng.remote.RemoteTestNG.main(RemoteTestNG.java:77)
]]>
            </full-stacktrace>
          </exception> <!-- java.lang.AssertionError -->
          <reporter-output>
          </reporter-output>
        </test-method> <!-- testcases_Verify__CancelTheOrderAfterCancel -->
        <test-method status="PASS" signature="setUp()[pri:0, instance:com.nagarro.testCases.TestcasesForMoreThan3StopsInPresentFuture@3a5ed7a6]" name="setUp" is-config="true" duration-ms="0" started-at="2018-12-18T12:39:42Z" finished-at="2018-12-18T12:39:42Z">
          <reporter-output>
          </reporter-output>
        </test-method> <!-- setUp -->
        <test-method status="PASS" signature="testcases_Verify__CompleteTheOrderAfterCancel()[pri:14, instance:com.nagarro.testCases.TestcasesForMoreThan3StopsInPresentFuture@3a5ed7a6]" name="testcases_Verify__CompleteTheOrderAfterCancel" duration-ms="745" started-at="2018-12-18T12:39:42Z" finished-at="2018-12-18T12:39:43Z">
          <reporter-output>
          </reporter-output>
        </test-method> <!-- testcases_Verify__CompleteTheOrderAfterCancel -->
        <test-method status="PASS" signature="setUp()[pri:0, instance:com.nagarro.testCases.TestcasesForMoreThan3StopsInPresentFuture@3a5ed7a6]" name="setUp" is-config="true" duration-ms="1" started-at="2018-12-18T12:39:43Z" finished-at="2018-12-18T12:39:43Z">
          <reporter-output>
          </reporter-output>
        </test-method> <!-- setUp -->
        <test-method status="PASS" signature="testcases_Verify__TakeTheOrderAfterCancelled()[pri:15, instance:com.nagarro.testCases.TestcasesForMoreThan3StopsInPresentFuture@3a5ed7a6]" name="testcases_Verify__TakeTheOrderAfterCancelled" duration-ms="734" started-at="2018-12-18T12:39:43Z" finished-at="2018-12-18T12:39:44Z">
          <reporter-output>
          </reporter-output>
        </test-method> <!-- testcases_Verify__TakeTheOrderAfterCancelled -->
        <test-method status="PASS" signature="setUp()[pri:0, instance:com.nagarro.testCases.TestcasesForMoreThan3StopsInPresentFuture@3a5ed7a6]" name="setUp" is-config="true" duration-ms="1" started-at="2018-12-18T12:39:44Z" finished-at="2018-12-18T12:39:44Z">
          <reporter-output>
          </reporter-output>
        </test-method> <!-- setUp -->
        <test-method status="PASS" signature="testcases_Verify__FetchTheOrderDetailsNotCreated()[pri:16, instance:com.nagarro.testCases.TestcasesForMoreThan3StopsInPresentFuture@3a5ed7a6]" name="testcases_Verify__FetchTheOrderDetailsNotCreated" duration-ms="106" started-at="2018-12-18T12:39:44Z" finished-at="2018-12-18T12:39:44Z">
          <reporter-output>
          </reporter-output>
        </test-method> <!-- testcases_Verify__FetchTheOrderDetailsNotCreated -->
      </class> <!-- com.nagarro.testCases.TestcasesForMoreThan3StopsInPresentFuture -->
    </test> <!-- place order at more than 3 stops in present and future -->
    <test name="Order Flow Test" duration-ms="418" started-at="2018-12-18T12:39:44Z" finished-at="2018-12-18T12:39:44Z">
      <class name="com.nagarro.testCases.TestCasesForPlaceOrderWithAllSameStop">
        <test-method status="PASS" signature="setUp()[pri:0, instance:com.nagarro.testCases.TestCasesForPlaceOrderWithAllSameStop@23e028a9]" name="setUp" is-config="true" duration-ms="1" started-at="2018-12-18T12:39:44Z" finished-at="2018-12-18T12:39:44Z">
          <reporter-output>
          </reporter-output>
        </test-method> <!-- setUp -->
        <test-method status="FAIL" signature="placeNewOrderWithAllSameStop()[pri:0, instance:com.nagarro.testCases.TestCasesForPlaceOrderWithAllSameStop@23e028a9]" name="placeNewOrderWithAllSameStop" duration-ms="230" started-at="2018-12-18T12:39:44Z" finished-at="2018-12-18T12:39:44Z">
          <exception class="java.lang.AssertionError">
            <message>
              <![CDATA[expected [0] but found [20.00]]]>
            </message>
            <full-stacktrace>
              <![CDATA[java.lang.AssertionError: expected [0] but found [20.00]
at org.testng.Assert.fail(Assert.java:96)
at org.testng.Assert.failNotEquals(Assert.java:776)
at org.testng.Assert.assertEqualsImpl(Assert.java:137)
at org.testng.Assert.assertEquals(Assert.java:118)
at org.testng.Assert.assertEquals(Assert.java:442)
at com.nagarro.testCases.TestCasesForPlaceOrderWithAllSameStop.placeNewOrderWithAllSameStop(TestCasesForPlaceOrderWithAllSameStop.java:81)
at sun.reflect.NativeMethodAccessorImpl.invoke0(Native Method)
at sun.reflect.NativeMethodAccessorImpl.invoke(NativeMethodAccessorImpl.java:62)
at sun.reflect.DelegatingMethodAccessorImpl.invoke(DelegatingMethodAccessorImpl.java:43)
at java.lang.reflect.Method.invoke(Method.java:498)
at org.testng.internal.MethodInvocationHelper.invokeMethod(MethodInvocationHelper.java:124)
at org.testng.internal.Invoker.invokeMethod(Invoker.java:583)
at org.testng.internal.Invoker.invokeTestMethod(Invoker.java:719)
at org.testng.internal.Invoker.invokeTestMethods(Invoker.java:989)
at org.testng.internal.TestMethodWorker.invokeTestMethods(TestMethodWorker.java:125)
at org.testng.internal.TestMethodWorker.run(TestMethodWorker.java:109)
at org.testng.TestRunner.privateRun(TestRunner.java:648)
at org.testng.TestRunner.run(TestRunner.java:505)
at org.testng.SuiteRunner.runTest(SuiteRunner.java:455)
at org.testng.SuiteRunner.runSequentially(SuiteRunner.java:450)
at org.testng.SuiteRunner.privateRun(SuiteRunner.java:415)
at org.testng.SuiteRunner.run(SuiteRunner.java:364)
at org.testng.SuiteRunnerWorker.runSuite(SuiteRunnerWorker.java:52)
at org.testng.SuiteRunnerWorker.run(SuiteRunnerWorker.java:84)
at org.testng.TestNG.runSuitesSequentially(TestNG.java:1208)
at org.testng.TestNG.runSuitesLocally(TestNG.java:1137)
at org.testng.TestNG.runSuites(TestNG.java:1049)
at org.testng.TestNG.run(TestNG.java:1017)
at org.testng.remote.AbstractRemoteTestNG.run(AbstractRemoteTestNG.java:114)
at org.testng.remote.RemoteTestNG.initAndRun(RemoteTestNG.java:251)
at org.testng.remote.RemoteTestNG.main(RemoteTestNG.java:77)
]]>
            </full-stacktrace>
          </exception> <!-- java.lang.AssertionError -->
          <reporter-output>
          </reporter-output>
        </test-method> <!-- placeNewOrderWithAllSameStop -->
      </class> <!-- com.nagarro.testCases.TestCasesForPlaceOrderWithAllSameStop -->
      <class name="com.nagarro.testCases.TestCasesForPlaceOrderWithInvalideScenaio">
        <test-method status="PASS" signature="setUp()[pri:0, instance:com.nagarro.testCases.TestCasesForPlaceOrderWithInvalideScenaio@47ef968d]" name="setUp" is-config="true" duration-ms="0" started-at="2018-12-18T12:39:44Z" finished-at="2018-12-18T12:39:44Z">
          <reporter-output>
          </reporter-output>
        </test-method> <!-- setUp -->
        <test-method status="PASS" signature="placeNewOrderInPast()[pri:1, instance:com.nagarro.testCases.TestCasesForPlaceOrderWithInvalideScenaio@47ef968d]" name="placeNewOrderInPast" duration-ms="91" started-at="2018-12-18T12:39:44Z" finished-at="2018-12-18T12:39:44Z">
          <reporter-output>
          </reporter-output>
        </test-method> <!-- placeNewOrderInPast -->
        <test-method status="PASS" signature="setUp()[pri:0, instance:com.nagarro.testCases.TestCasesForPlaceOrderWithInvalideScenaio@47ef968d]" name="setUp" is-config="true" duration-ms="1" started-at="2018-12-18T12:39:44Z" finished-at="2018-12-18T12:39:44Z">
          <reporter-output>
          </reporter-output>
        </test-method> <!-- setUp -->
        <test-method status="PASS" signature="placeNewOrderWithWronJson()[pri:2, instance:com.nagarro.testCases.TestCasesForPlaceOrderWithInvalideScenaio@47ef968d]" name="placeNewOrderWithWronJson" duration-ms="83" started-at="2018-12-18T12:39:44Z" finished-at="2018-12-18T12:39:44Z">
          <reporter-output>
          </reporter-output>
        </test-method> <!-- placeNewOrderWithWronJson -->
      </class> <!-- com.nagarro.testCases.TestCasesForPlaceOrderWithInvalideScenaio -->
    </test> <!-- Order Flow Test -->
  </suite> <!-- Suite -->
</testng-results>
